Configuration 'testCompile' in project ':app' is deprecated. Use 'testImplementation' instead.
Configuration 'compile' in project ':app' is deprecated. Use 'implementation' instead.
Configuration 'androidTestCompile' in project ':app' is deprecated. Use 'androidTestImplementation' instead.
test ..............
google-services plugin could not detect any version for com.google.android.gms or com.google.firebase, default version: 9.0.0 will be used.
please apply google-services plugin at the bottom of the build file.
The CompileOptions.bootClasspath property has been deprecated and is scheduled to be removed in Gradle 5.0. Please use the CompileOptions.bootstrapClasspath property instead.
registerResGeneratingTask is deprecated, use registerGeneratedFolders(FileCollection)
registerResGeneratingTask is deprecated, use registerGeneratedFolders(FileCollection)
:app:preBuild UP-TO-DATE
:app:preDebugBuild
:app:compileDebugAidl
:app:compileDebugRenderscript
:app:checkDebugManifest
:app:generateDebugBuildConfig
:app:generateDebugResValues
:app:generateDebugResources
:app:processDebugGoogleServices
Parsing json file: /home/victor/develop/android/AndroidStudioProjects/Hodgepodge/app/google-services.json
:app:mergeDebugResources
:app:createDebugCompatibleScreenManifests
:app:processDebugManifest
:app:splitsDiscoveryTaskDebug
:app:processDebugResources
:app:compileDebugKotlin
Using Kotlin incremental compilation
w: /home/victor/develop/android/AndroidStudioProjects/Hodgepodge/app/src/main/java/com/victor/hodgepodge/base/BasePresenter.kt: (9, 38): Parameter 'baseView' is never used
:app:prepareLintJar UP-TO-DATE
:app:generateDebugSources
:app:javaPreCompileDebug
:app:compileDebugJavaWithJavac
:app:compileDebugUnitTestKotlin
:app:preDebugUnitTestBuild UP-TO-DATE
:app:javaPreCompileDebugUnitTest
:app:compileDebugUnitTestJavaWithJavac
:app:mockableAndroidJar
:app:processDebugJavaRes NO-SOURCE
:app:processDebugUnitTestJavaRes NO-SOURCE
:app:testDebugUnitTest

com.victor.hodgepodge.ExampleUnitTest > addition_isCorrect FAILED
    java.lang.AssertionError at ExampleUnitTest.java:15
:app:testDebugUnitTest FAILED
21 actionable tasks: 20 executed, 1 up-to-date
